[
  {
    "line": 1,
    "elements": [
      {
        "line": 3,
        "name": "test all tabs on home page",
        "description": "",
        "id": "testing-cucumber-with-selenium;test-all-tabs-on-home-page",
        "type": "scenario",
        "keyword": "Scenario",
        "steps": [
          {
            "result": {
              "duration": 66709609204,
              "status": "passed"
            },
            "line": 4,
            "name": "User Opens seleniumhq website",
            "match": {
              "location": "FirstSeleniumScriptSD.User_Opens_seleniumhq_website11()"
            },
            "keyword": "Given "
          },
          {
            "result": {
              "duration": 2753134557,
              "error_message": "org.openqa.selenium.InvalidSelectorException: invalid selector: Unable to locate an element with the xpath expression  because of the following error:\nSyntaxError: Failed to execute \u0027evaluate\u0027 on \u0027Document\u0027: The string \u0027\u0027 is not a valid XPath expression.\n  (Session info: chrome\u003d76.0.3809.100)\nFor documentation on this error, please visit: http://seleniumhq.org/exceptions/invalid_selector_exception.html\nBuild info: version: \u00273.5.2\u0027, revision: \u002710229a9\u0027, time: \u00272017-08-21T17:29:55.15Z\u0027\nSystem info: host: \u0027DESKTOP-TBR9N1S\u0027, ip: \u0027192.168.1.27\u0027, os.name: \u0027Windows 10\u0027, os.arch: \u0027amd64\u0027, os.version: \u002710.0\u0027, java.version: \u00271.8.0_191\u0027\nDriver info: org.openqa.selenium.chrome.ChromeDriver\nCapabilities [{networkConnectionEnabled\u003dfalse, chrome\u003d{chromedriverVersion\u003d75.0.3770.140 (2d9f97485c7b07dc18a74666574f19176731995c-refs/branch-heads/3770@{#1155}), userDataDir\u003dC:\\Users\\dell\\AppData\\Local\\Temp\\scoped_dir16876_15289}, timeouts\u003d{implicit\u003d0, pageLoad\u003d300000, script\u003d30000}, pageLoadStrategy\u003dnormal, unhandledPromptBehavior\u003ddismiss and notify, strictFileInteractability\u003dfalse, platform\u003dANY, proxy\u003dProxy(), goog:chromeOptions\u003d{debuggerAddress\u003dlocalhost:55823}, acceptInsecureCerts\u003dfalse, browserVersion\u003d76.0.3809.100, browserName\u003dchrome, javascriptEnabled\u003dtrue, platformName\u003dwindows nt, setWindowRect\u003dtrue}]\nSession ID: ace8c5663f276401f72a7697af0bc596\n*** Element info: {Using\u003dxpath, value\u003d}\r\n\tat sun.reflect.NativeConstructorAccessorImpl.newInstance0(Native Method)\r\n\tat sun.reflect.NativeConstructorAccessorImpl.newInstance(Unknown Source)\r\n\tat sun.reflect.DelegatingConstructorAccessorImpl.newInstance(Unknown Source)\r\n\tat java.lang.reflect.Constructor.newInstance(Unknown Source)\r\n\tat org.openqa.selenium.remote.http.W3CHttpResponseCodec.createException(W3CHttpResponseCodec.java:185)\r\n\tat org.openqa.selenium.remote.http.W3CHttpResponseCodec.decode(W3CHttpResponseCodec.java:120)\r\n\tat org.openqa.selenium.remote.http.W3CHttpResponseCodec.decode(W3CHttpResponseCodec.java:49)\r\n\tat org.openqa.selenium.remote.HttpCommandExecutor.execute(HttpCommandExecutor.java:164)\r\n\tat org.openqa.selenium.remote.service.DriverCommandExecutor.execute(DriverCommandExecutor.java:82)\r\n\tat org.openqa.selenium.remote.RemoteWebDriver.execute(RemoteWebDriver.java:641)\r\n\tat org.openqa.selenium.remote.RemoteWebDriver.findElement(RemoteWebDriver.java:414)\r\n\tat org.openqa.selenium.remote.RemoteWebDriver.findElementByXPath(RemoteWebDriver.java:513)\r\n\tat org.openqa.selenium.By$ByXPath.findElement(By.java:361)\r\n\tat org.openqa.selenium.remote.RemoteWebDriver.findElement(RemoteWebDriver.java:406)\r\n\tat com.basic.MyFirstSelenium.FirstSeleniumScriptSD.user_click_on_Project_tab(FirstSeleniumScriptSD.java:26)\r\n\tat ✽.When user click on \"Project\" tab(src/test/resources/com/basic/MyFirstSelenium/FirstSeleniumScriptFF.feature:5)\r\n",
              "status": "failed"
            },
            "line": 5,
            "name": "user click on \"Project\" tab",
            "match": {
              "arguments": [
                {
                  "val": "Project",
                  "offset": 15
                }
              ],
              "location": "FirstSeleniumScriptSD.user_click_on_Project_tab(String)"
            },
            "keyword": "When "
          },
          {
            "result": {
              "status": "skipped"
            },
            "line": 6,
            "name": "user checks About tab",
            "match": {
              "location": "FirstSeleniumScriptSD.user_checks_About_tab()"
            },
            "keyword": "Then "
          }
        ]
      },
      {
        "line": 8,
        "name": "test all tabs on home page22",
        "description": "",
        "id": "testing-cucumber-with-selenium;test-all-tabs-on-home-page22",
        "type": "scenario",
        "keyword": "Scenario",
        "steps": [
          {
            "result": {
              "duration": 21518344675,
              "status": "passed"
            },
            "line": 9,
            "name": "User Opens seleniumhq website",
            "match": {
              "location": "FirstSeleniumScriptSD.User_Opens_seleniumhq_website11()"
            },
            "keyword": "Given "
          },
          {
            "result": {
              "duration": 31071124,
              "error_message": "org.openqa.selenium.InvalidSelectorException: invalid selector: Unable to locate an element with the xpath expression  because of the following error:\nSyntaxError: Failed to execute \u0027evaluate\u0027 on \u0027Document\u0027: The string \u0027\u0027 is not a valid XPath expression.\n  (Session info: chrome\u003d76.0.3809.100)\nFor documentation on this error, please visit: http://seleniumhq.org/exceptions/invalid_selector_exception.html\nBuild info: version: \u00273.5.2\u0027, revision: \u002710229a9\u0027, time: \u00272017-08-21T17:29:55.15Z\u0027\nSystem info: host: \u0027DESKTOP-TBR9N1S\u0027, ip: \u0027192.168.1.27\u0027, os.name: \u0027Windows 10\u0027, os.arch: \u0027amd64\u0027, os.version: \u002710.0\u0027, java.version: \u00271.8.0_191\u0027\nDriver info: org.openqa.selenium.chrome.ChromeDriver\nCapabilities [{networkConnectionEnabled\u003dfalse, chrome\u003d{chromedriverVersion\u003d75.0.3770.140 (2d9f97485c7b07dc18a74666574f19176731995c-refs/branch-heads/3770@{#1155}), userDataDir\u003dC:\\Users\\dell\\AppData\\Local\\Temp\\scoped_dir14288_30947}, timeouts\u003d{implicit\u003d0, pageLoad\u003d300000, script\u003d30000}, pageLoadStrategy\u003dnormal, unhandledPromptBehavior\u003ddismiss and notify, strictFileInteractability\u003dfalse, platform\u003dANY, proxy\u003dProxy(), goog:chromeOptions\u003d{debuggerAddress\u003dlocalhost:55894}, acceptInsecureCerts\u003dfalse, browserVersion\u003d76.0.3809.100, browserName\u003dchrome, javascriptEnabled\u003dtrue, platformName\u003dwindows nt, setWindowRect\u003dtrue}]\nSession ID: 7241dd02aede8f20d5b85438646b9e38\n*** Element info: {Using\u003dxpath, value\u003d}\r\n\tat sun.reflect.NativeConstructorAccessorImpl.newInstance0(Native Method)\r\n\tat sun.reflect.NativeConstructorAccessorImpl.newInstance(Unknown Source)\r\n\tat sun.reflect.DelegatingConstructorAccessorImpl.newInstance(Unknown Source)\r\n\tat java.lang.reflect.Constructor.newInstance(Unknown Source)\r\n\tat org.openqa.selenium.remote.http.W3CHttpResponseCodec.createException(W3CHttpResponseCodec.java:185)\r\n\tat org.openqa.selenium.remote.http.W3CHttpResponseCodec.decode(W3CHttpResponseCodec.java:120)\r\n\tat org.openqa.selenium.remote.http.W3CHttpResponseCodec.decode(W3CHttpResponseCodec.java:49)\r\n\tat org.openqa.selenium.remote.HttpCommandExecutor.execute(HttpCommandExecutor.java:164)\r\n\tat org.openqa.selenium.remote.service.DriverCommandExecutor.execute(DriverCommandExecutor.java:82)\r\n\tat org.openqa.selenium.remote.RemoteWebDriver.execute(RemoteWebDriver.java:641)\r\n\tat org.openqa.selenium.remote.RemoteWebDriver.findElement(RemoteWebDriver.java:414)\r\n\tat org.openqa.selenium.remote.RemoteWebDriver.findElementByXPath(RemoteWebDriver.java:513)\r\n\tat org.openqa.selenium.By$ByXPath.findElement(By.java:361)\r\n\tat org.openqa.selenium.remote.RemoteWebDriver.findElement(RemoteWebDriver.java:406)\r\n\tat com.basic.MyFirstSelenium.FirstSeleniumScriptSD.user_click_on_Project_tab(FirstSeleniumScriptSD.java:26)\r\n\tat ✽.When user click on \"Documenation\" tab(src/test/resources/com/basic/MyFirstSelenium/FirstSeleniumScriptFF.feature:10)\r\n",
              "status": "failed"
            },
            "line": 10,
            "name": "user click on \"Documenation\" tab",
            "match": {
              "arguments": [
                {
                  "val": "Documenation",
                  "offset": 15
                }
              ],
              "location": "FirstSeleniumScriptSD.user_click_on_Project_tab(String)"
            },
            "keyword": "When "
          },
          {
            "result": {
              "status": "skipped"
            },
            "line": 11,
            "name": "user checks About tab",
            "match": {
              "location": "FirstSeleniumScriptSD.user_checks_About_tab()"
            },
            "keyword": "Then "
          }
        ]
      }
    ],
    "name": "Testing cucumber with selenium",
    "description": "",
    "id": "testing-cucumber-with-selenium",
    "keyword": "Feature",
    "uri": "src/test/resources/com/basic/MyFirstSelenium/FirstSeleniumScriptFF.feature"
  },
  {
    "line": 1,
    "elements": [
      {
        "line": 3,
        "name": "test all tabs on home page33",
        "description": "",
        "id": "testing-cucumber-with-selenium;test-all-tabs-on-home-page33",
        "type": "scenario",
        "keyword": "Scenario",
        "steps": [
          {
            "result": {
              "duration": 56088520039,
              "status": "passed"
            },
            "line": 4,
            "name": "User Opens seleniumhq website",
            "match": {
              "location": "FirstSeleniumScriptSD.User_Opens_seleniumhq_website11()"
            },
            "keyword": "Given "
          },
          {
            "result": {
              "status": "undefined"
            },
            "line": 5,
            "name": "user click on Project tab",
            "match": {},
            "keyword": "When "
          },
          {
            "result": {
              "status": "skipped"
            },
            "line": 6,
            "name": "user checks About tab",
            "match": {
              "location": "FirstSeleniumScriptSD.user_checks_About_tab()"
            },
            "keyword": "Then "
          }
        ]
      },
      {
        "line": 8,
        "name": "test all tabs on home page44",
        "description": "",
        "id": "testing-cucumber-with-selenium;test-all-tabs-on-home-page44",
        "type": "scenario",
        "keyword": "Scenario",
        "steps": [
          {
            "result": {
              "duration": 16557267803,
              "status": "passed"
            },
            "line": 9,
            "name": "User Opens seleniumhq website",
            "match": {
              "location": "FirstSeleniumScriptSD.User_Opens_seleniumhq_website11()"
            },
            "keyword": "Given "
          },
          {
            "result": {
              "status": "undefined"
            },
            "line": 10,
            "name": "user click on Project tab",
            "match": {},
            "keyword": "When "
          },
          {
            "result": {
              "status": "skipped"
            },
            "line": 11,
            "name": "user checks About tab",
            "match": {
              "location": "FirstSeleniumScriptSD.user_checks_About_tab()"
            },
            "keyword": "Then "
          }
        ]
      }
    ],
    "name": "Testing cucumber with selenium",
    "description": "",
    "id": "testing-cucumber-with-selenium",
    "keyword": "Feature",
    "uri": "src/test/resources/com/basic/MyFirstSelenium/FirstSeleniumScriptFF2.feature"
  }
]